

Started GET "/items" for 127.0.0.1 at 2013-12-10 13:23:14 -0800
Connecting to database specified by database.yml
Processing by ItemsController#index as HTML
  [1m[36mItem Load (0.8ms)[0m  [1mSELECT "items".* FROM "items" [0m
Compiled main.css  (0ms)  (pid 6734)
  [1m[35mUser Load (95.7ms)[0m  SELECT "users".* FROM "users" WHERE "users"."id" = $1 LIMIT 1  [["id", 1]]
  [1m[36mItem Load (1.3ms)[0m  [1mSELECT "items".* FROM "items" ORDER BY created_at DESC[0m
  Rendered items/index.html.erb within layouts/application (213.8ms)
Compiled application.css  (0ms)  (pid 6734)
Compiled jquery.js  (4ms)  (pid 6734)
Compiled jquery_ujs.js  (0ms)  (pid 6734)
Compiled facebook.js  (570ms)  (pid 6734)
Compiled welcome.js  (280ms)  (pid 6734)
Compiled application.js  (994ms)  (pid 6734)
Completed 200 OK in 1564ms (Views: 1272.1ms | ActiveRecord: 161.2ms)


Started GET "/assets/application.css?body=1" for 127.0.0.1 at 2013-12-10 13:23:17 -0800
Served asset /application.css - 304 Not Modified (11ms)


Started GET "/assets/jquery.js?body=1" for 127.0.0.1 at 2013-12-10 13:23:17 -0800
Served asset /jquery.js - 304 Not Modified (49ms)


Started GET "/assets/jquery_ujs.js?body=1" for 127.0.0.1 at 2013-12-10 13:23:17 -0800
Served asset /jquery_ujs.js - 304 Not Modified (11ms)


Started GET "/assets/main.css?body=1" for 127.0.0.1 at 2013-12-10 13:23:17 -0800
Served asset /main.css - 200 OK (15ms)


Started GET "/assets/facebook.js?body=1" for 127.0.0.1 at 2013-12-10 13:23:17 -0800
Served asset /facebook.js - 304 Not Modified (7ms)


Started GET "/assets/application.js?body=1" for 127.0.0.1 at 2013-12-10 13:23:17 -0800
Served asset /application.js - 200 OK (171ms)


Started GET "/assets/welcome.js?body=1" for 127.0.0.1 at 2013-12-10 13:23:18 -0800
Served asset /welcome.js - 304 Not Modified (13ms)


Started GET "/assets/FontAwesome.otf" for 127.0.0.1 at 2013-12-10 13:23:18 -0800
Served asset /FontAwesome.otf - 304 Not Modified (25ms)


Started GET "/items" for 127.0.0.1 at 2013-12-10 13:25:27 -0800
Processing by ItemsController#index as HTML
  [1m[35mItem Load (9.8ms)[0m  SELECT "items".* FROM "items" 
  [1m[36mUser Load (0.7ms)[0m  [1mSELECT "users".* FROM "users" WHERE "users"."id" = $1 LIMIT 1[0m  [["id", 1]]
  [1m[35mItem Load (9.4ms)[0m  SELECT "items".* FROM "items" ORDER BY created_at DESC
  Rendered items/index.html.erb within layouts/application (57.7ms)
Completed 200 OK in 131ms (Views: 75.8ms | ActiveRecord: 19.9ms)


Started GET "/assets/application.css?body=1" for 127.0.0.1 at 2013-12-10 13:25:27 -0800
Served asset /application.css - 304 Not Modified (0ms)


Started GET "/assets/jquery.js?body=1" for 127.0.0.1 at 2013-12-10 13:25:27 -0800
Served asset /jquery.js - 304 Not Modified (10ms)


Started GET "/assets/jquery_ujs.js?body=1" for 127.0.0.1 at 2013-12-10 13:25:27 -0800
Served asset /jquery_ujs.js - 304 Not Modified (5ms)


Started GET "/assets/facebook.js?body=1" for 127.0.0.1 at 2013-12-10 13:25:28 -0800
Served asset /facebook.js - 304 Not Modified (21ms)


Started GET "/assets/welcome.js?body=1" for 127.0.0.1 at 2013-12-10 13:25:28 -0800
Served asset /welcome.js - 304 Not Modified (4ms)


Started GET "/assets/main.css?body=1" for 127.0.0.1 at 2013-12-10 13:25:28 -0800
Served asset /main.css - 304 Not Modified (10ms)


Started GET "/assets/application.js?body=1" for 127.0.0.1 at 2013-12-10 13:25:28 -0800
Served asset /application.js - 304 Not Modified (26ms)


Started GET "/assets/FontAwesome.otf" for 127.0.0.1 at 2013-12-10 13:25:28 -0800
Served asset /FontAwesome.otf - 304 Not Modified (0ms)


Started GET "/items" for 127.0.0.1 at 2013-12-10 13:31:59 -0800
Processing by ItemsController#index as HTML
  [1m[36mItem Load (0.5ms)[0m  [1mSELECT "items".* FROM "items" [0m
  [1m[35mUser Load (0.5ms)[0m  SELECT "users".* FROM "users" WHERE "users"."id" = $1 LIMIT 1  [["id", 1]]
  [1m[36mItem Load (0.7ms)[0m  [1mSELECT "items".* FROM "items" ORDER BY created_at DESC[0m
  Rendered items/index.html.erb within layouts/application (79.0ms)
Completed 200 OK in 191ms (Views: 87.0ms | ActiveRecord: 62.6ms)


Started GET "/assets/application.css?body=1" for 127.0.0.1 at 2013-12-10 13:31:59 -0800
Served asset /application.css - 304 Not Modified (5ms)


Started GET "/assets/jquery.js?body=1" for 127.0.0.1 at 2013-12-10 13:31:59 -0800
Served asset /jquery.js - 304 Not Modified (10ms)


Started GET "/assets/jquery_ujs.js?body=1" for 127.0.0.1 at 2013-12-10 13:31:59 -0800
Served asset /jquery_ujs.js - 304 Not Modified (0ms)


Started GET "/assets/facebook.js?body=1" for 127.0.0.1 at 2013-12-10 13:31:59 -0800
Served asset /facebook.js - 304 Not Modified (0ms)


Started GET "/assets/welcome.js?body=1" for 127.0.0.1 at 2013-12-10 13:31:59 -0800
Served asset /welcome.js - 304 Not Modified (0ms)


Started GET "/assets/application.js?body=1" for 127.0.0.1 at 2013-12-10 13:31:59 -0800
Served asset /application.js - 304 Not Modified (7ms)


Started GET "/assets/main.css?body=1" for 127.0.0.1 at 2013-12-10 13:31:59 -0800
Served asset /main.css - 304 Not Modified (12ms)


Started GET "/assets/FontAwesome.otf" for 127.0.0.1 at 2013-12-10 13:32:00 -0800
Served asset /FontAwesome.otf - 304 Not Modified (0ms)


Started GET "/items" for 127.0.0.1 at 2013-12-10 13:39:09 -0800
Processing by ItemsController#index as HTML
  [1m[35mItem Load (6.1ms)[0m  SELECT "items".* FROM "items" 
Compiled main.css  (2ms)  (pid 6734)
  [1m[36mUser Load (0.8ms)[0m  [1mSELECT "users".* FROM "users" WHERE "users"."id" = $1 LIMIT 1[0m  [["id", 1]]
  [1m[35mItem Load (0.7ms)[0m  SELECT "items".* FROM "items" ORDER BY created_at DESC
  Rendered items/index.html.erb within layouts/application (73.5ms)
Completed 200 OK in 113ms (Views: 96.0ms | ActiveRecord: 7.6ms)


Started GET "/assets/application.css?body=1" for 127.0.0.1 at 2013-12-10 13:39:09 -0800
Served asset /application.css - 304 Not Modified (0ms)


Started GET "/assets/jquery.js?body=1" for 127.0.0.1 at 2013-12-10 13:39:10 -0800
Served asset /jquery.js - 304 Not Modified (74ms)


Started GET "/assets/jquery_ujs.js?body=1" for 127.0.0.1 at 2013-12-10 13:39:10 -0800
Served asset /jquery_ujs.js - 304 Not Modified (0ms)


Started GET "/assets/welcome.js?body=1" for 127.0.0.1 at 2013-12-10 13:39:10 -0800
Served asset /welcome.js - 304 Not Modified (203ms)


Started GET "/assets/application.js?body=1" for 127.0.0.1 at 2013-12-10 13:39:10 -0800
Served asset /application.js - 304 Not Modified (6ms)


Started GET "/assets/facebook.js?body=1" for 127.0.0.1 at 2013-12-10 13:39:10 -0800
Served asset /facebook.js - 304 Not Modified (0ms)


Started GET "/assets/main.css?body=1" for 127.0.0.1 at 2013-12-10 13:39:10 -0800
Served asset /main.css - 200 OK (33ms)


Started GET "/assets/FontAwesome.otf" for 127.0.0.1 at 2013-12-10 13:39:10 -0800
Served asset /FontAwesome.otf - 304 Not Modified (0ms)


Started DELETE "/items/10" for 127.0.0.1 at 2013-12-10 13:39:16 -0800
Processing by ItemsController#destroy as HTML
  Parameters: {"authenticity_token"=>"r1E2t+gdltLOtc4h4dPQ6DHx1pXPJlg5fMK/QY8Z0t0=", "id"=>"10"}
  [1m[36mItem Load (10.9ms)[0m  [1mSELECT "items".* FROM "items" WHERE "items"."id" = $1 LIMIT 1[0m  [["id", "10"]]
  [1m[35m (1.5ms)[0m  BEGIN
  [1m[36mSQL (19.7ms)[0m  [1mDELETE FROM "items" WHERE "items"."id" = $1[0m  [["id", 10]]
  [1m[35m (8.1ms)[0m  COMMIT
Redirected to http://localhost:3000/items
Completed 302 Found in 49ms (ActiveRecord: 40.2ms)


Started GET "/items" for 127.0.0.1 at 2013-12-10 13:39:16 -0800
Processing by ItemsController#index as HTML
  [1m[36mItem Load (2.3ms)[0m  [1mSELECT "items".* FROM "items" [0m
  [1m[35mUser Load (6.2ms)[0m  SELECT "users".* FROM "users" WHERE "users"."id" = $1 LIMIT 1  [["id", 1]]
  [1m[36mItem Load (2.2ms)[0m  [1mSELECT "items".* FROM "items" ORDER BY created_at DESC[0m
  Rendered items/index.html.erb within layouts/application (38.6ms)
Completed 200 OK in 73ms (Views: 57.8ms | ActiveRecord: 10.7ms)


Started GET "/assets/application.css?body=1" for 127.0.0.1 at 2013-12-10 13:39:16 -0800
Served asset /application.css - 304 Not Modified (0ms)


Started GET "/assets/jquery.js?body=1" for 127.0.0.1 at 2013-12-10 13:39:17 -0800
Served asset /jquery.js - 304 Not Modified (10ms)


Started GET "/assets/jquery_ujs.js?body=1" for 127.0.0.1 at 2013-12-10 13:39:17 -0800
Served asset /jquery_ujs.js - 304 Not Modified (0ms)


Started GET "/assets/facebook.js?body=1" for 127.0.0.1 at 2013-12-10 13:39:17 -0800
Served asset /facebook.js - 304 Not Modified (0ms)


Started GET "/assets/welcome.js?body=1" for 127.0.0.1 at 2013-12-10 13:39:17 -0800
Served asset /welcome.js - 304 Not Modified (0ms)


Started GET "/assets/application.js?body=1" for 127.0.0.1 at 2013-12-10 13:39:17 -0800
Served asset /application.js - 304 Not Modified (5ms)


Started GET "/assets/main.css?body=1" for 127.0.0.1 at 2013-12-10 13:39:17 -0800
Served asset /main.css - 304 Not Modified (0ms)


Started GET "/assets/FontAwesome.otf" for 127.0.0.1 at 2013-12-10 13:39:17 -0800
Served asset /FontAwesome.otf - 304 Not Modified (0ms)


Started GET "/items" for 127.0.0.1 at 2013-12-10 13:43:03 -0800
Connecting to database specified by database.yml
Processing by ItemsController#index as HTML
  [1m[36mItem Load (8.4ms)[0m  [1mSELECT "items".* FROM "items" [0m
Compiled main.css  (1ms)  (pid 6981)
  [1m[35mUser Load (63.7ms)[0m  SELECT "users".* FROM "users" WHERE "users"."id" = $1 LIMIT 1  [["id", 1]]
  [1m[36mItem Load (2.2ms)[0m  [1mSELECT "items".* FROM "items" ORDER BY created_at DESC[0m
  Rendered items/index.html.erb within layouts/application (186.5ms)
Compiled application.js  (1ms)  (pid 6981)
Completed 200 OK in 634ms (Views: 366.6ms | ActiveRecord: 105.9ms)


Started GET "/assets/application.css?body=1" for 127.0.0.1 at 2013-12-10 13:43:06 -0800
Served asset /application.css - 304 Not Modified (15ms)


Started GET "/assets/application.js?body=1" for 127.0.0.1 at 2013-12-10 13:43:06 -0800
Served asset /application.js - 200 OK (16ms)


Started GET "/assets/main.css?body=1" for 127.0.0.1 at 2013-12-10 13:43:06 -0800
Served asset /main.css - 200 OK (17ms)


Started GET "/assets/FontAwesome.otf" for 127.0.0.1 at 2013-12-10 13:43:06 -0800
Served asset /FontAwesome.otf - 304 Not Modified (17ms)


Started GET "/items?utf8=%E2%9C%93&search%5B%5D=test&search+button=Search" for 127.0.0.1 at 2013-12-10 13:43:38 -0800
Processing by ItemsController#index as HTML
  Parameters: {"utf8"=>"✓", "search"=>["test"], "search button"=>"Search"}
  [1m[35mItem Load (1.2ms)[0m  SELECT "items".* FROM "items" 
  [1m[36mItem Load (7.5ms)[0m  [1mSELECT "items".* FROM "items" WHERE "items"."tag" IN ('test') ORDER BY created_at DESC[0m
  [1m[35mUser Load (0.6ms)[0m  SELECT "users".* FROM "users" WHERE "users"."id" = $1 LIMIT 1  [["id", 1]]
  Rendered items/index.html.erb within layouts/application (9.6ms)
Completed 200 OK in 45ms (Views: 15.5ms | ActiveRecord: 9.3ms)


Started GET "/assets/application.css?body=1" for 127.0.0.1 at 2013-12-10 13:43:38 -0800
Served asset /application.css - 304 Not Modified (2ms)


Started GET "/assets/application.js?body=1" for 127.0.0.1 at 2013-12-10 13:43:38 -0800
Served asset /application.js - 304 Not Modified (0ms)


Started GET "/assets/main.css?body=1" for 127.0.0.1 at 2013-12-10 13:43:38 -0800
Served asset /main.css - 304 Not Modified (0ms)


Started GET "/assets/FontAwesome.otf" for 127.0.0.1 at 2013-12-10 13:43:38 -0800
Served asset /FontAwesome.otf - 304 Not Modified (1ms)


Started POST "/items" for 127.0.0.1 at 2013-12-10 13:43:55 -0800
Processing by ItemsController#create as HTML
  Parameters: {"utf8"=>"✓", "authenticity_token"=>"r1E2t+gdltLOtc4h4dPQ6DHx1pXPJlg5fMK/QY8Z0t0=", "item"=>{"tag"=>"jakskas", "post"=>"jsdgsdg"}, "commit"=>"Post"}
  [1m[36m (0.3ms)[0m  [1mBEGIN[0m
  [1m[35mSQL (224.3ms)[0m  INSERT INTO "items" ("created_at", "post", "tag", "updated_at", "user", "views") VALUES ($1, $2, $3, $4, $5, $6) RETURNING "id"  [["created_at", Tue, 10 Dec 2013 21:43:55 UTC +00:00], ["post", "jsdgsdg"], ["tag", "jakskas"], ["updated_at", Tue, 10 Dec 2013 21:43:55 UTC +00:00], ["user", nil], ["views", nil]]
  [1m[36m (2.4ms)[0m  [1mCOMMIT[0m
Redirected to http://localhost:3000/items
Completed 302 Found in 258ms (ActiveRecord: 227.0ms)


Started GET "/items" for 127.0.0.1 at 2013-12-10 13:43:55 -0800
Processing by ItemsController#index as HTML
  [1m[35mItem Load (0.7ms)[0m  SELECT "items".* FROM "items" 
  [1m[36mUser Load (9.5ms)[0m  [1mSELECT "users".* FROM "users" WHERE "users"."id" = $1 LIMIT 1[0m  [["id", 1]]
  [1m[35mItem Load (12.1ms)[0m  SELECT "items".* FROM "items" ORDER BY created_at DESC
  Rendered items/index.html.erb within layouts/application (46.5ms)
Completed 200 OK in 78ms (Views: 52.5ms | ActiveRecord: 22.3ms)


Started GET "/assets/application.css?body=1" for 127.0.0.1 at 2013-12-10 13:43:55 -0800
Served asset /application.css - 304 Not Modified (12ms)


Started GET "/assets/application.js?body=1" for 127.0.0.1 at 2013-12-10 13:43:55 -0800
Served asset /application.js - 304 Not Modified (0ms)


Started GET "/assets/main.css?body=1" for 127.0.0.1 at 2013-12-10 13:43:55 -0800
Served asset /main.css - 304 Not Modified (1ms)


Started GET "/assets/FontAwesome.otf" for 127.0.0.1 at 2013-12-10 13:43:55 -0800
Served asset /FontAwesome.otf - 304 Not Modified (1ms)


Started GET "/items/11" for 127.0.0.1 at 2013-12-10 13:43:58 -0800
Processing by ItemsController#show as HTML
  Parameters: {"id"=>"11"}
  [1m[36mItem Load (1.0ms)[0m  [1mSELECT "items".* FROM "items" WHERE "items"."id" = $1 LIMIT 1[0m  [["id", "11"]]
Completed 500 Internal Server Error in 29ms

ActionView::MissingTemplate (Missing template items/show, application/show with {:locale=>[:en], :formats=>[:html], :handlers=>[:erb, :builder, :coffee, :haml]}. Searched in:
  * "/home/saasbook/Documents/other/likealot/app/views"
):
  actionpack (3.2.14) lib/action_view/path_set.rb:58:in `find'
  actionpack (3.2.14) lib/action_view/lookup_context.rb:115:in `find'
  actionpack (3.2.14) lib/action_view/renderer/abstract_renderer.rb:3:in `find_template'
  actionpack (3.2.14) lib/action_view/renderer/template_renderer.rb:35:in `determine_template'
  actionpack (3.2.14) lib/action_view/renderer/template_renderer.rb:10:in `render'
  actionpack (3.2.14) lib/action_view/renderer/renderer.rb:36:in `render_template'
  actionpack (3.2.14) lib/action_view/renderer/renderer.rb:17:in `render'
  actionpack (3.2.14) lib/abstract_controller/rendering.rb:110:in `_render_template'
  actionpack (3.2.14) lib/action_controller/metal/streaming.rb:225:in `_render_template'
  actionpack (3.2.14) lib/abstract_controller/rendering.rb:103:in `render_to_body'
  actionpack (3.2.14) lib/action_controller/metal/renderers.rb:28:in `render_to_body'
  actionpack (3.2.14) lib/action_controller/metal/compatibility.rb:50:in `render_to_body'
  actionpack (3.2.14) lib/abstract_controller/rendering.rb:88:in `render'
  actionpack (3.2.14) lib/action_controller/metal/rendering.rb:16:in `render'
  actionpack (3.2.14) lib/action_controller/metal/instrumentation.rb:40:in `block (2 levels) in render'
  activesupport (3.2.14) lib/active_support/core_ext/benchmark.rb:5:in `block in ms'
  /home/saasbook/.rvm/rubies/ruby-1.9.3-p448/lib/ruby/1.9.1/benchmark.rb:295:in `realtime'
  activesupport (3.2.14) lib/active_support/core_ext/benchmark.rb:5:in `ms'
  actionpack (3.2.14) lib/action_controller/metal/instrumentation.rb:40:in `block in render'
  actionpack (3.2.14) lib/action_controller/metal/instrumentation.rb:83:in `cleanup_view_runtime'
  activerecord (3.2.14) lib/active_record/railties/controller_runtime.rb:24:in `cleanup_view_runtime'
  actionpack (3.2.14) lib/action_controller/metal/instrumentation.rb:39:in `render'
  actionpack (3.2.14) lib/action_controller/metal/implicit_render.rb:10:in `default_render'
  actionpack (3.2.14) lib/action_controller/metal/implicit_render.rb:5:in `send_action'
  actionpack (3.2.14) lib/abstract_controller/base.rb:167:in `process_action'
  actionpack (3.2.14) lib/action_controller/metal/rendering.rb:10:in `process_action'
  actionpack (3.2.14) lib/abstract_controller/callbacks.rb:18:in `block in process_action'
  activesupport (3.2.14) lib/active_support/callbacks.rb:414:in `_run__207892280__process_action__349178733__callbacks'
  activesupport (3.2.14) lib/active_support/callbacks.rb:405:in `__run_callback'
  activesupport (3.2.14) lib/active_support/callbacks.rb:385:in `_run_process_action_callbacks'
  activesupport (3.2.14) lib/active_support/callbacks.rb:81:in `run_callbacks'
  actionpack (3.2.14) lib/abstract_controller/callbacks.rb:17:in `process_action'
  actionpack (3.2.14) lib/action_controller/metal/rescue.rb:29:in `process_action'
  actionpack (3.2.14) lib/action_controller/metal/instrumentation.rb:30:in `block in process_action'
  activesupport (3.2.14) lib/active_support/notifications.rb:123:in `block in instrument'
  activesupport (3.2.14) lib/active_support/notifications/instrumenter.rb:20:in `instrument'
  activesupport (3.2.14) lib/active_support/notifications.rb:123:in `instrument'
  actionpack (3.2.14) lib/action_controller/metal/instrumentation.rb:29:in `process_action'
  actionpack (3.2.14) lib/action_controller/metal/params_wrapper.rb:207:in `process_action'
  activerecord (3.2.14) lib/active_record/railties/controller_runtime.rb:18:in `process_action'
  actionpack (3.2.14) lib/abstract_controller/base.rb:121:in `process'
  actionpack (3.2.14) lib/abstract_controller/rendering.rb:45:in `process'
  actionpack (3.2.14) lib/action_controller/metal.rb:203:in `dispatch'
  actionpack (3.2.14) lib/action_controller/metal/rack_delegation.rb:14:in `dispatch'
  actionpack (3.2.14) lib/action_controller/metal.rb:246:in `block in action'
  actionpack (3.2.14) lib/action_dispatch/routing/route_set.rb:73:in `call'
  actionpack (3.2.14) lib/action_dispatch/routing/route_set.rb:73:in `dispatch'
  actionpack (3.2.14) lib/action_dispatch/routing/route_set.rb:36:in `call'
  journey (1.0.4) lib/journey/router.rb:68:in `block in call'
  journey (1.0.4) lib/journey/router.rb:56:in `each'
  journey (1.0.4) lib/journey/router.rb:56:in `call'
  actionpack (3.2.14) lib/action_dispatch/routing/route_set.rb:608:in `call'
  omniauth (1.1.4) lib/omniauth/strategy.rb:184:in `call!'
  omniauth (1.1.4) lib/omniauth/strategy.rb:164:in `call'
  omniauth (1.1.4) lib/omniauth/builder.rb:49:in `call'
  actionpack (3.2.14) lib/action_dispatch/middleware/best_standards_support.rb:17:in `call'
  rack (1.4.5) lib/rack/etag.rb:23:in `call'
  rack (1.4.5) lib/rack/conditionalget.rb:25:in `call'
  actionpack (3.2.14) lib/action_dispatch/middleware/head.rb:14:in `call'
  actionpack (3.2.14) lib/action_dispatch/middleware/params_parser.rb:21:in `call'
  actionpack (3.2.14) lib/action_dispatch/middleware/flash.rb:242:in `call'
  rack (1.4.5) lib/rack/session/abstract/id.rb:210:in `context'
  rack (1.4.5) lib/rack/session/abstract/id.rb:205:in `call'
  actionpack (3.2.14) lib/action_dispatch/middleware/cookies.rb:341:in `call'
  activerecord (3.2.14) lib/active_record/query_cache.rb:64:in `call'
  activerecord (3.2.14) lib/active_record/connection_adapters/abstract/connection_pool.rb:479:in `call'
  actionpack (3.2.14) lib/action_dispatch/middleware/callbacks.rb:28:in `block in call'
  activesupport (3.2.14) lib/active_support/callbacks.rb:405:in `_run__739873691__call__944499849__callbacks'
  activesupport (3.2.14) lib/active_support/callbacks.rb:405:in `__run_callback'
  activesupport (3.2.14) lib/active_support/callbacks.rb:385:in `_run_call_callbacks'
  activesupport (3.2.14) lib/active_support/callbacks.rb:81:in `run_callbacks'
  actionpack (3.2.14) lib/action_dispatch/middleware/callbacks.rb:27:in `call'
  actionpack (3.2.14) lib/action_dispatch/middleware/reloader.rb:65:in `call'
  actionpack (3.2.14) lib/action_dispatch/middleware/remote_ip.rb:31:in `call'
  actionpack (3.2.14) lib/action_dispatch/middleware/debug_exceptions.rb:16:in `call'
  actionpack (3.2.14) lib/action_dispatch/middleware/show_exceptions.rb:56:in `call'
  railties (3.2.14) lib/rails/rack/logger.rb:32:in `call_app'
  railties (3.2.14) lib/rails/rack/logger.rb:16:in `block in call'
  activesupport (3.2.14) lib/active_support/tagged_logging.rb:22:in `tagged'
  railties (3.2.14) lib/rails/rack/logger.rb:16:in `call'
  actionpack (3.2.14) lib/action_dispatch/middleware/request_id.rb:22:in `call'
  rack (1.4.5) lib/rack/methodoverride.rb:21:in `call'
  rack (1.4.5) lib/rack/runtime.rb:17:in `call'
  activesupport (3.2.14) lib/active_support/cache/strategy/local_cache.rb:72:in `call'
  rack (1.4.5) lib/rack/lock.rb:15:in `call'
  actionpack (3.2.14) lib/action_dispatch/middleware/static.rb:63:in `call'
  railties (3.2.14) lib/rails/engine.rb:484:in `call'
  railties (3.2.14) lib/rails/application.rb:231:in `call'
  rack (1.4.5) lib/rack/content_length.rb:14:in `call'
  railties (3.2.14) lib/rails/rack/log_tailer.rb:17:in `call'
  rack (1.4.5) lib/rack/handler/webrick.rb:59:in `service'
  /home/saasbook/.rvm/rubies/ruby-1.9.3-p448/lib/ruby/1.9.1/webrick/httpserver.rb:138:in `service'
  /home/saasbook/.rvm/rubies/ruby-1.9.3-p448/lib/ruby/1.9.1/webrick/httpserver.rb:94:in `run'
  /home/saasbook/.rvm/rubies/ruby-1.9.3-p448/lib/ruby/1.9.1/webrick/server.rb:191:in `block in start_thread'


  Rendered /home/saasbook/.rvm/gems/ruby-1.9.3-p448/gems/actionpack-3.2.14/lib/action_dispatch/middleware/templates/rescues/missing_template.erb within rescues/layout (1.4ms)


Started GET "/items" for 127.0.0.1 at 2013-12-10 13:47:32 -0800
Connecting to database specified by database.yml
Processing by ItemsController#index as HTML
  [1m[36mItem Load (0.7ms)[0m  [1mSELECT "items".* FROM "items" [0m
  [1m[35mUser Load (39.3ms)[0m  SELECT "users".* FROM "users" WHERE "users"."id" = $1 LIMIT 1  [["id", 1]]
  [1m[36mItem Load (2.6ms)[0m  [1mSELECT "items".* FROM "items" ORDER BY created_at DESC[0m
  Rendered items/index.html.erb within layouts/application (105.8ms)
Completed 200 OK in 308ms (Views: 129.8ms | ActiveRecord: 70.9ms)


Started GET "/assets/application.css?body=1" for 127.0.0.1 at 2013-12-10 13:47:33 -0800
Served asset /application.css - 304 Not Modified (10ms)


Started GET "/assets/application.js?body=1" for 127.0.0.1 at 2013-12-10 13:47:33 -0800
Served asset /application.js - 304 Not Modified (9ms)


Started GET "/assets/main.css?body=1" for 127.0.0.1 at 2013-12-10 13:47:33 -0800
Served asset /main.css - 304 Not Modified (2ms)


Started GET "/assets/FontAwesome.otf" for 127.0.0.1 at 2013-12-10 13:47:34 -0800
Served asset /FontAwesome.otf - 304 Not Modified (2ms)


Started GET "/items/11" for 127.0.0.1 at 2013-12-10 13:47:38 -0800
Processing by ItemsController#show as HTML
  Parameters: {"id"=>"11"}
  [1m[35mItem Load (1.2ms)[0m  SELECT "items".* FROM "items" WHERE "items"."id" = $1 LIMIT 1  [["id", "11"]]
Completed 500 Internal Server Error in 28ms

ActionView::MissingTemplate (Missing template items/show, application/show with {:locale=>[:en], :formats=>[:html], :handlers=>[:erb, :builder, :coffee, :haml]}. Searched in:
  * "/home/saasbook/Documents/other/likealot/app/views"
):
  actionpack (3.2.14) lib/action_view/path_set.rb:58:in `find'
  actionpack (3.2.14) lib/action_view/lookup_context.rb:115:in `find'
  actionpack (3.2.14) lib/action_view/renderer/abstract_renderer.rb:3:in `find_template'
  actionpack (3.2.14) lib/action_view/renderer/template_renderer.rb:35:in `determine_template'
  actionpack (3.2.14) lib/action_view/renderer/template_renderer.rb:10:in `render'
  actionpack (3.2.14) lib/action_view/renderer/renderer.rb:36:in `render_template'
  actionpack (3.2.14) lib/action_view/renderer/renderer.rb:17:in `render'
  actionpack (3.2.14) lib/abstract_controller/rendering.rb:110:in `_render_template'
  actionpack (3.2.14) lib/action_controller/metal/streaming.rb:225:in `_render_template'
  actionpack (3.2.14) lib/abstract_controller/rendering.rb:103:in `render_to_body'
  actionpack (3.2.14) lib/action_controller/metal/renderers.rb:28:in `render_to_body'
  actionpack (3.2.14) lib/action_controller/metal/compatibility.rb:50:in `render_to_body'
  actionpack (3.2.14) lib/abstract_controller/rendering.rb:88:in `render'
  actionpack (3.2.14) lib/action_controller/metal/rendering.rb:16:in `render'
  actionpack (3.2.14) lib/action_controller/metal/instrumentation.rb:40:in `block (2 levels) in render'
  activesupport (3.2.14) lib/active_support/core_ext/benchmark.rb:5:in `block in ms'
  /home/saasbook/.rvm/rubies/ruby-1.9.3-p448/lib/ruby/1.9.1/benchmark.rb:295:in `realtime'
  activesupport (3.2.14) lib/active_support/core_ext/benchmark.rb:5:in `ms'
  actionpack (3.2.14) lib/action_controller/metal/instrumentation.rb:40:in `block in render'
  actionpack (3.2.14) lib/action_controller/metal/instrumentation.rb:83:in `cleanup_view_runtime'
  activerecord (3.2.14) lib/active_record/railties/controller_runtime.rb:24:in `cleanup_view_runtime'
  actionpack (3.2.14) lib/action_controller/metal/instrumentation.rb:39:in `render'
  actionpack (3.2.14) lib/action_controller/metal/implicit_render.rb:10:in `default_render'
  actionpack (3.2.14) lib/action_controller/metal/implicit_render.rb:5:in `send_action'
  actionpack (3.2.14) lib/abstract_controller/base.rb:167:in `process_action'
  actionpack (3.2.14) lib/action_controller/metal/rendering.rb:10:in `process_action'
  actionpack (3.2.14) lib/abstract_controller/callbacks.rb:18:in `block in process_action'
  activesupport (3.2.14) lib/active_support/callbacks.rb:414:in `_run__806529976__process_action__820866228__callbacks'
  activesupport (3.2.14) lib/active_support/callbacks.rb:405:in `__run_callback'
  activesupport (3.2.14) lib/active_support/callbacks.rb:385:in `_run_process_action_callbacks'
  activesupport (3.2.14) lib/active_support/callbacks.rb:81:in `run_callbacks'
  actionpack (3.2.14) lib/abstract_controller/callbacks.rb:17:in `process_action'
  actionpack (3.2.14) lib/action_controller/metal/rescue.rb:29:in `process_action'
  actionpack (3.2.14) lib/action_controller/metal/instrumentation.rb:30:in `block in process_action'
  activesupport (3.2.14) lib/active_support/notifications.rb:123:in `block in instrument'
  activesupport (3.2.14) lib/active_support/notifications/instrumenter.rb:20:in `instrument'
  activesupport (3.2.14) lib/active_support/notifications.rb:123:in `instrument'
  actionpack (3.2.14) lib/action_controller/metal/instrumentation.rb:29:in `process_action'
  actionpack (3.2.14) lib/action_controller/metal/params_wrapper.rb:207:in `process_action'
  activerecord (3.2.14) lib/active_record/railties/controller_runtime.rb:18:in `process_action'
  actionpack (3.2.14) lib/abstract_controller/base.rb:121:in `process'
  actionpack (3.2.14) lib/abstract_controller/rendering.rb:45:in `process'
  actionpack (3.2.14) lib/action_controller/metal.rb:203:in `dispatch'
  actionpack (3.2.14) lib/action_controller/metal/rack_delegation.rb:14:in `dispatch'
  actionpack (3.2.14) lib/action_controller/metal.rb:246:in `block in action'
  actionpack (3.2.14) lib/action_dispatch/routing/route_set.rb:73:in `call'
  actionpack (3.2.14) lib/action_dispatch/routing/route_set.rb:73:in `dispatch'
  actionpack (3.2.14) lib/action_dispatch/routing/route_set.rb:36:in `call'
  journey (1.0.4) lib/journey/router.rb:68:in `block in call'
  journey (1.0.4) lib/journey/router.rb:56:in `each'
  journey (1.0.4) lib/journey/router.rb:56:in `call'
  actionpack (3.2.14) lib/action_dispatch/routing/route_set.rb:608:in `call'
  omniauth (1.1.4) lib/omniauth/strategy.rb:184:in `call!'
  omniauth (1.1.4) lib/omniauth/strategy.rb:164:in `call'
  omniauth (1.1.4) lib/omniauth/builder.rb:49:in `call'
  actionpack (3.2.14) lib/action_dispatch/middleware/best_standards_support.rb:17:in `call'
  rack (1.4.5) lib/rack/etag.rb:23:in `call'
  rack (1.4.5) lib/rack/conditionalget.rb:25:in `call'
  actionpack (3.2.14) lib/action_dispatch/middleware/head.rb:14:in `call'
  actionpack (3.2.14) lib/action_dispatch/middleware/params_parser.rb:21:in `call'
  actionpack (3.2.14) lib/action_dispatch/middleware/flash.rb:242:in `call'
  rack (1.4.5) lib/rack/session/abstract/id.rb:210:in `context'
  rack (1.4.5) lib/rack/session/abstract/id.rb:205:in `call'
  actionpack (3.2.14) lib/action_dispatch/middleware/cookies.rb:341:in `call'
  activerecord (3.2.14) lib/active_record/query_cache.rb:64:in `call'
  activerecord (3.2.14) lib/active_record/connection_adapters/abstract/connection_pool.rb:479:in `call'
  actionpack (3.2.14) lib/action_dispatch/middleware/callbacks.rb:28:in `block in call'
  activesupport (3.2.14) lib/active_support/callbacks.rb:405:in `_run__335079912__call__324508639__callbacks'
  activesupport (3.2.14) lib/active_support/callbacks.rb:405:in `__run_callback'
  activesupport (3.2.14) lib/active_support/callbacks.rb:385:in `_run_call_callbacks'
  activesupport (3.2.14) lib/active_support/callbacks.rb:81:in `run_callbacks'
  actionpack (3.2.14) lib/action_dispatch/middleware/callbacks.rb:27:in `call'
  actionpack (3.2.14) lib/action_dispatch/middleware/reloader.rb:65:in `call'
  actionpack (3.2.14) lib/action_dispatch/middleware/remote_ip.rb:31:in `call'
  actionpack (3.2.14) lib/action_dispatch/middleware/debug_exceptions.rb:16:in `call'
  actionpack (3.2.14) lib/action_dispatch/middleware/show_exceptions.rb:56:in `call'
  railties (3.2.14) lib/rails/rack/logger.rb:32:in `call_app'
  railties (3.2.14) lib/rails/rack/logger.rb:16:in `block in call'
  activesupport (3.2.14) lib/active_support/tagged_logging.rb:22:in `tagged'
  railties (3.2.14) lib/rails/rack/logger.rb:16:in `call'
  actionpack (3.2.14) lib/action_dispatch/middleware/request_id.rb:22:in `call'
  rack (1.4.5) lib/rack/methodoverride.rb:21:in `call'
  rack (1.4.5) lib/rack/runtime.rb:17:in `call'
  activesupport (3.2.14) lib/active_support/cache/strategy/local_cache.rb:72:in `call'
  rack (1.4.5) lib/rack/lock.rb:15:in `call'
  actionpack (3.2.14) lib/action_dispatch/middleware/static.rb:63:in `call'
  railties (3.2.14) lib/rails/engine.rb:484:in `call'
  railties (3.2.14) lib/rails/application.rb:231:in `call'
  rack (1.4.5) lib/rack/content_length.rb:14:in `call'
  railties (3.2.14) lib/rails/rack/log_tailer.rb:17:in `call'
  rack (1.4.5) lib/rack/handler/webrick.rb:59:in `service'
  /home/saasbook/.rvm/rubies/ruby-1.9.3-p448/lib/ruby/1.9.1/webrick/httpserver.rb:138:in `service'
  /home/saasbook/.rvm/rubies/ruby-1.9.3-p448/lib/ruby/1.9.1/webrick/httpserver.rb:94:in `run'
  /home/saasbook/.rvm/rubies/ruby-1.9.3-p448/lib/ruby/1.9.1/webrick/server.rb:191:in `block in start_thread'


  Rendered /home/saasbook/.rvm/gems/ruby-1.9.3-p448/gems/actionpack-3.2.14/lib/action_dispatch/middleware/templates/rescues/missing_template.erb within rescues/layout (1.3ms)


Started GET "/items" for 127.0.0.1 at 2013-12-10 13:51:03 -0800
Connecting to database specified by database.yml
Processing by ItemsController#index as HTML
  [1m[36mItem Load (0.4ms)[0m  [1mSELECT "items".* FROM "items" [0m
  [1m[35mUser Load (7.1ms)[0m  SELECT "users".* FROM "users" WHERE "users"."id" = $1 LIMIT 1  [["id", 1]]
  [1m[36mItem Load (1.6ms)[0m  [1mSELECT "items".* FROM "items" ORDER BY created_at DESC[0m
  Rendered items/index.html.erb within layouts/application (46.9ms)
Completed 200 OK in 196ms (Views: 84.6ms | ActiveRecord: 18.7ms)


Started GET "/assets/application.css?body=1" for 127.0.0.1 at 2013-12-10 13:51:04 -0800
Served asset /application.css - 304 Not Modified (2ms)


Started GET "/assets/application.js?body=1" for 127.0.0.1 at 2013-12-10 13:51:04 -0800
Served asset /application.js - 304 Not Modified (2ms)


Started GET "/assets/main.css?body=1" for 127.0.0.1 at 2013-12-10 13:51:04 -0800
Served asset /main.css - 304 Not Modified (2ms)


Started GET "/assets/FontAwesome.otf" for 127.0.0.1 at 2013-12-10 13:51:04 -0800
Served asset /FontAwesome.otf - 304 Not Modified (5ms)


Started GET "/items/11" for 127.0.0.1 at 2013-12-10 13:51:09 -0800
Processing by ItemsController#show as HTML
  Parameters: {"id"=>"11"}
  [1m[35mItem Load (10.1ms)[0m  SELECT "items".* FROM "items" WHERE "items"."id" = $1 LIMIT 1  [["id", "11"]]
Completed 500 Internal Server Error in 90ms

ActionView::MissingTemplate (Missing template items/show, application/show with {:locale=>[:en], :formats=>[:html], :handlers=>[:erb, :builder, :coffee, :haml]}. Searched in:
  * "/home/saasbook/Documents/other/likealot/app/views"
):
  actionpack (3.2.14) lib/action_view/path_set.rb:58:in `find'
  actionpack (3.2.14) lib/action_view/lookup_context.rb:115:in `find'
  actionpack (3.2.14) lib/action_view/renderer/abstract_renderer.rb:3:in `find_template'
  actionpack (3.2.14) lib/action_view/renderer/template_renderer.rb:35:in `determine_template'
  actionpack (3.2.14) lib/action_view/renderer/template_renderer.rb:10:in `render'
  actionpack (3.2.14) lib/action_view/renderer/renderer.rb:36:in `render_template'
  actionpack (3.2.14) lib/action_view/renderer/renderer.rb:17:in `render'
  actionpack (3.2.14) lib/abstract_controller/rendering.rb:110:in `_render_template'
  actionpack (3.2.14) lib/action_controller/metal/streaming.rb:225:in `_render_template'
  actionpack (3.2.14) lib/abstract_controller/rendering.rb:103:in `render_to_body'
  actionpack (3.2.14) lib/action_controller/metal/renderers.rb:28:in `render_to_body'
  actionpack (3.2.14) lib/action_controller/metal/compatibility.rb:50:in `render_to_body'
  actionpack (3.2.14) lib/abstract_controller/rendering.rb:88:in `render'
  actionpack (3.2.14) lib/action_controller/metal/rendering.rb:16:in `render'
  actionpack (3.2.14) lib/action_controller/metal/instrumentation.rb:40:in `block (2 levels) in render'
  activesupport (3.2.14) lib/active_support/core_ext/benchmark.rb:5:in `block in ms'
  /home/saasbook/.rvm/rubies/ruby-1.9.3-p448/lib/ruby/1.9.1/benchmark.rb:295:in `realtime'
  activesupport (3.2.14) lib/active_support/core_ext/benchmark.rb:5:in `ms'
  actionpack (3.2.14) lib/action_controller/metal/instrumentation.rb:40:in `block in render'
  actionpack (3.2.14) lib/action_controller/metal/instrumentation.rb:83:in `cleanup_view_runtime'
  activerecord (3.2.14) lib/active_record/railties/controller_runtime.rb:24:in `cleanup_view_runtime'
  actionpack (3.2.14) lib/action_controller/metal/instrumentation.rb:39:in `render'
  actionpack (3.2.14) lib/action_controller/metal/implicit_render.rb:10:in `default_render'
  actionpack (3.2.14) lib/action_controller/metal/implicit_render.rb:5:in `send_action'
  actionpack (3.2.14) lib/abstract_controller/base.rb:167:in `process_action'
  actionpack (3.2.14) lib/action_controller/metal/rendering.rb:10:in `process_action'
  actionpack (3.2.14) lib/abstract_controller/callbacks.rb:18:in `block in process_action'
  activesupport (3.2.14) lib/active_support/callbacks.rb:414:in `_run__820568627__process_action__904904421__callbacks'
  activesupport (3.2.14) lib/active_support/callbacks.rb:405:in `__run_callback'
  activesupport (3.2.14) lib/active_support/callbacks.rb:385:in `_run_process_action_callbacks'
  activesupport (3.2.14) lib/active_support/callbacks.rb:81:in `run_callbacks'
  actionpack (3.2.14) lib/abstract_controller/callbacks.rb:17:in `process_action'
  actionpack (3.2.14) lib/action_controller/metal/rescue.rb:29:in `process_action'
  actionpack (3.2.14) lib/action_controller/metal/instrumentation.rb:30:in `block in process_action'
  activesupport (3.2.14) lib/active_support/notifications.rb:123:in `block in instrument'
  activesupport (3.2.14) lib/active_support/notifications/instrumenter.rb:20:in `instrument'
  activesupport (3.2.14) lib/active_support/notifications.rb:123:in `instrument'
  actionpack (3.2.14) lib/action_controller/metal/instrumentation.rb:29:in `process_action'
  actionpack (3.2.14) lib/action_controller/metal/params_wrapper.rb:207:in `process_action'
  activerecord (3.2.14) lib/active_record/railties/controller_runtime.rb:18:in `process_action'
  actionpack (3.2.14) lib/abstract_controller/base.rb:121:in `process'
  actionpack (3.2.14) lib/abstract_controller/rendering.rb:45:in `process'
  actionpack (3.2.14) lib/action_controller/metal.rb:203:in `dispatch'
  actionpack (3.2.14) lib/action_controller/metal/rack_delegation.rb:14:in `dispatch'
  actionpack (3.2.14) lib/action_controller/metal.rb:246:in `block in action'
  actionpack (3.2.14) lib/action_dispatch/routing/route_set.rb:73:in `call'
  actionpack (3.2.14) lib/action_dispatch/routing/route_set.rb:73:in `dispatch'
  actionpack (3.2.14) lib/action_dispatch/routing/route_set.rb:36:in `call'
  journey (1.0.4) lib/journey/router.rb:68:in `block in call'
  journey (1.0.4) lib/journey/router.rb:56:in `each'
  journey (1.0.4) lib/journey/router.rb:56:in `call'
  actionpack (3.2.14) lib/action_dispatch/routing/route_set.rb:608:in `call'
  omniauth (1.1.4) lib/omniauth/strategy.rb:184:in `call!'
  omniauth (1.1.4) lib/omniauth/strategy.rb:164:in `call'
  omniauth (1.1.4) lib/omniauth/builder.rb:49:in `call'
  actionpack (3.2.14) lib/action_dispatch/middleware/best_standards_support.rb:17:in `call'
  rack (1.4.5) lib/rack/etag.rb:23:in `call'
  rack (1.4.5) lib/rack/conditionalget.rb:25:in `call'
  actionpack (3.2.14) lib/action_dispatch/middleware/head.rb:14:in `call'
  actionpack (3.2.14) lib/action_dispatch/middleware/params_parser.rb:21:in `call'
  actionpack (3.2.14) lib/action_dispatch/middleware/flash.rb:242:in `call'
  rack (1.4.5) lib/rack/session/abstract/id.rb:210:in `context'
  rack (1.4.5) lib/rack/session/abstract/id.rb:205:in `call'
  actionpack (3.2.14) lib/action_dispatch/middleware/cookies.rb:341:in `call'
  activerecord (3.2.14) lib/active_record/query_cache.rb:64:in `call'
  activerecord (3.2.14) lib/active_record/connection_adapters/abstract/connection_pool.rb:479:in `call'
  actionpack (3.2.14) lib/action_dispatch/middleware/callbacks.rb:28:in `block in call'
  activesupport (3.2.14) lib/active_support/callbacks.rb:405:in `_run__853077812__call__6943386__callbacks'
  activesupport (3.2.14) lib/active_support/callbacks.rb:405:in `__run_callback'
  activesupport (3.2.14) lib/active_support/callbacks.rb:385:in `_run_call_callbacks'
  activesupport (3.2.14) lib/active_support/callbacks.rb:81:in `run_callbacks'
  actionpack (3.2.14) lib/action_dispatch/middleware/callbacks.rb:27:in `call'
  actionpack (3.2.14) lib/action_dispatch/middleware/reloader.rb:65:in `call'
  actionpack (3.2.14) lib/action_dispatch/middleware/remote_ip.rb:31:in `call'
  actionpack (3.2.14) lib/action_dispatch/middleware/debug_exceptions.rb:16:in `call'
  actionpack (3.2.14) lib/action_dispatch/middleware/show_exceptions.rb:56:in `call'
  railties (3.2.14) lib/rails/rack/logger.rb:32:in `call_app'
  railties (3.2.14) lib/rails/rack/logger.rb:16:in `block in call'
  activesupport (3.2.14) lib/active_support/tagged_logging.rb:22:in `tagged'
  railties (3.2.14) lib/rails/rack/logger.rb:16:in `call'
  actionpack (3.2.14) lib/action_dispatch/middleware/request_id.rb:22:in `call'
  rack (1.4.5) lib/rack/methodoverride.rb:21:in `call'
  rack (1.4.5) lib/rack/runtime.rb:17:in `call'
  activesupport (3.2.14) lib/active_support/cache/strategy/local_cache.rb:72:in `call'
  rack (1.4.5) lib/rack/lock.rb:15:in `call'
  actionpack (3.2.14) lib/action_dispatch/middleware/static.rb:63:in `call'
  railties (3.2.14) lib/rails/engine.rb:484:in `call'
  railties (3.2.14) lib/rails/application.rb:231:in `call'
  rack (1.4.5) lib/rack/content_length.rb:14:in `call'
  railties (3.2.14) lib/rails/rack/log_tailer.rb:17:in `call'
  rack (1.4.5) lib/rack/handler/webrick.rb:59:in `service'
  /home/saasbook/.rvm/rubies/ruby-1.9.3-p448/lib/ruby/1.9.1/webrick/httpserver.rb:138:in `service'
  /home/saasbook/.rvm/rubies/ruby-1.9.3-p448/lib/ruby/1.9.1/webrick/httpserver.rb:94:in `run'
  /home/saasbook/.rvm/rubies/ruby-1.9.3-p448/lib/ruby/1.9.1/webrick/server.rb:191:in `block in start_thread'


  Rendered /home/saasbook/.rvm/gems/ruby-1.9.3-p448/gems/actionpack-3.2.14/lib/action_dispatch/middleware/templates/rescues/missing_template.erb within rescues/layout (1.3ms)


Started GET "/items" for 127.0.0.1 at 2013-12-10 13:52:54 -0800
Processing by ItemsController#index as HTML
  [1m[36mItem Load (0.6ms)[0m  [1mSELECT "items".* FROM "items" [0m
  [1m[35mUser Load (0.5ms)[0m  SELECT "users".* FROM "users" WHERE "users"."id" = $1 LIMIT 1  [["id", 1]]
  [1m[36mItem Load (0.6ms)[0m  [1mSELECT "items".* FROM "items" ORDER BY created_at DESC[0m
  Rendered items/index.html.erb within layouts/application (29.3ms)
Completed 200 OK in 42ms (Views: 38.0ms | ActiveRecord: 1.8ms)


Started GET "/assets/application.css?body=1" for 127.0.0.1 at 2013-12-10 13:52:54 -0800
Served asset /application.css - 304 Not Modified (0ms)


Started GET "/assets/application.js?body=1" for 127.0.0.1 at 2013-12-10 13:52:54 -0800
Served asset /application.js - 304 Not Modified (8ms)


Started GET "/assets/main.css?body=1" for 127.0.0.1 at 2013-12-10 13:52:54 -0800
Served asset /main.css - 304 Not Modified (0ms)


Started GET "/assets/FontAwesome.otf" for 127.0.0.1 at 2013-12-10 13:52:54 -0800
Served asset /FontAwesome.otf - 304 Not Modified (0ms)


Started GET "/items/11" for 127.0.0.1 at 2013-12-10 13:52:58 -0800
Processing by ItemsController#show as HTML
  Parameters: {"id"=>"11"}
  [1m[35mItem Load (0.5ms)[0m  SELECT "items".* FROM "items" WHERE "items"."id" = $1 LIMIT 1  [["id", "11"]]
Completed 500 Internal Server Error in 5ms

ActionView::MissingTemplate (Missing template items/show, application/show with {:locale=>[:en], :formats=>[:html], :handlers=>[:erb, :builder, :coffee, :haml]}. Searched in:
  * "/home/saasbook/Documents/other/likealot/app/views"
):
  actionpack (3.2.14) lib/action_view/path_set.rb:58:in `find'
  actionpack (3.2.14) lib/action_view/lookup_context.rb:115:in `find'
  actionpack (3.2.14) lib/action_view/renderer/abstract_renderer.rb:3:in `find_template'
  actionpack (3.2.14) lib/action_view/renderer/template_renderer.rb:35:in `determine_template'
  actionpack (3.2.14) lib/action_view/renderer/template_renderer.rb:10:in `render'
  actionpack (3.2.14) lib/action_view/renderer/renderer.rb:36:in `render_template'
  actionpack (3.2.14) lib/action_view/renderer/renderer.rb:17:in `render'
  actionpack (3.2.14) lib/abstract_controller/rendering.rb:110:in `_render_template'
  actionpack (3.2.14) lib/action_controller/metal/streaming.rb:225:in `_render_template'
  actionpack (3.2.14) lib/abstract_controller/rendering.rb:103:in `render_to_body'
  actionpack (3.2.14) lib/action_controller/metal/renderers.rb:28:in `render_to_body'
  actionpack (3.2.14) lib/action_controller/metal/compatibility.rb:50:in `render_to_body'
  actionpack (3.2.14) lib/abstract_controller/rendering.rb:88:in `render'
  actionpack (3.2.14) lib/action_controller/metal/rendering.rb:16:in `render'
  actionpack (3.2.14) lib/action_controller/metal/instrumentation.rb:40:in `block (2 levels) in render'
  activesupport (3.2.14) lib/active_support/core_ext/benchmark.rb:5:in `block in ms'
  /home/saasbook/.rvm/rubies/ruby-1.9.3-p448/lib/ruby/1.9.1/benchmark.rb:295:in `realtime'
  activesupport (3.2.14) lib/active_support/core_ext/benchmark.rb:5:in `ms'
  actionpack (3.2.14) lib/action_controller/metal/instrumentation.rb:40:in `block in render'
  actionpack (3.2.14) lib/action_controller/metal/instrumentation.rb:83:in `cleanup_view_runtime'
  activerecord (3.2.14) lib/active_record/railties/controller_runtime.rb:24:in `cleanup_view_runtime'
  actionpack (3.2.14) lib/action_controller/metal/instrumentation.rb:39:in `render'
  actionpack (3.2.14) lib/action_controller/metal/implicit_render.rb:10:in `default_render'
  actionpack (3.2.14) lib/action_controller/metal/implicit_render.rb:5:in `send_action'
  actionpack (3.2.14) lib/abstract_controller/base.rb:167:in `process_action'
  actionpack (3.2.14) lib/action_controller/metal/rendering.rb:10:in `process_action'
  actionpack (3.2.14) lib/abstract_controller/callbacks.rb:18:in `block in process_action'
  activesupport (3.2.14) lib/active_support/callbacks.rb:414:in `_run__820568627__process_action__904904421__callbacks'
  activesupport (3.2.14) lib/active_support/callbacks.rb:405:in `__run_callback'
  activesupport (3.2.14) lib/active_support/callbacks.rb:385:in `_run_process_action_callbacks'
  activesupport (3.2.14) lib/active_support/callbacks.rb:81:in `run_callbacks'
  actionpack (3.2.14) lib/abstract_controller/callbacks.rb:17:in `process_action'
  actionpack (3.2.14) lib/action_controller/metal/rescue.rb:29:in `process_action'
  actionpack (3.2.14) lib/action_controller/metal/instrumentation.rb:30:in `block in process_action'
  activesupport (3.2.14) lib/active_support/notifications.rb:123:in `block in instrument'
  activesupport (3.2.14) lib/active_support/notifications/instrumenter.rb:20:in `instrument'
  activesupport (3.2.14) lib/active_support/notifications.rb:123:in `instrument'
  actionpack (3.2.14) lib/action_controller/metal/instrumentation.rb:29:in `process_action'
  actionpack (3.2.14) lib/action_controller/metal/params_wrapper.rb:207:in `process_action'
  activerecord (3.2.14) lib/active_record/railties/controller_runtime.rb:18:in `process_action'
  actionpack (3.2.14) lib/abstract_controller/base.rb:121:in `process'
  actionpack (3.2.14) lib/abstract_controller/rendering.rb:45:in `process'
  actionpack (3.2.14) lib/action_controller/metal.rb:203:in `dispatch'
  actionpack (3.2.14) lib/action_controller/metal/rack_delegation.rb:14:in `dispatch'
  actionpack (3.2.14) lib/action_controller/metal.rb:246:in `block in action'
  actionpack (3.2.14) lib/action_dispatch/routing/route_set.rb:73:in `call'
  actionpack (3.2.14) lib/action_dispatch/routing/route_set.rb:73:in `dispatch'
  actionpack (3.2.14) lib/action_dispatch/routing/route_set.rb:36:in `call'
  journey (1.0.4) lib/journey/router.rb:68:in `block in call'
  journey (1.0.4) lib/journey/router.rb:56:in `each'
  journey (1.0.4) lib/journey/router.rb:56:in `call'
  actionpack (3.2.14) lib/action_dispatch/routing/route_set.rb:608:in `call'
  omniauth (1.1.4) lib/omniauth/strategy.rb:184:in `call!'
  omniauth (1.1.4) lib/omniauth/strategy.rb:164:in `call'
  omniauth (1.1.4) lib/omniauth/builder.rb:49:in `call'
  actionpack (3.2.14) lib/action_dispatch/middleware/best_standards_support.rb:17:in `call'
  rack (1.4.5) lib/rack/etag.rb:23:in `call'
  rack (1.4.5) lib/rack/conditionalget.rb:25:in `call'
  actionpack (3.2.14) lib/action_dispatch/middleware/head.rb:14:in `call'
  actionpack (3.2.14) lib/action_dispatch/middleware/params_parser.rb:21:in `call'
  actionpack (3.2.14) lib/action_dispatch/middleware/flash.rb:242:in `call'
  rack (1.4.5) lib/rack/session/abstract/id.rb:210:in `context'
  rack (1.4.5) lib/rack/session/abstract/id.rb:205:in `call'
  actionpack (3.2.14) lib/action_dispatch/middleware/cookies.rb:341:in `call'
  activerecord (3.2.14) lib/active_record/query_cache.rb:64:in `call'
  activerecord (3.2.14) lib/active_record/connection_adapters/abstract/connection_pool.rb:479:in `call'
  actionpack (3.2.14) lib/action_dispatch/middleware/callbacks.rb:28:in `block in call'
  activesupport (3.2.14) lib/active_support/callbacks.rb:405:in `_run__853077812__call__6943386__callbacks'
  activesupport (3.2.14) lib/active_support/callbacks.rb:405:in `__run_callback'
  activesupport (3.2.14) lib/active_support/callbacks.rb:385:in `_run_call_callbacks'
  activesupport (3.2.14) lib/active_support/callbacks.rb:81:in `run_callbacks'
  actionpack (3.2.14) lib/action_dispatch/middleware/callbacks.rb:27:in `call'
  actionpack (3.2.14) lib/action_dispatch/middleware/reloader.rb:65:in `call'
  actionpack (3.2.14) lib/action_dispatch/middleware/remote_ip.rb:31:in `call'
  actionpack (3.2.14) lib/action_dispatch/middleware/debug_exceptions.rb:16:in `call'
  actionpack (3.2.14) lib/action_dispatch/middleware/show_exceptions.rb:56:in `call'
  railties (3.2.14) lib/rails/rack/logger.rb:32:in `call_app'
  railties (3.2.14) lib/rails/rack/logger.rb:16:in `block in call'
  activesupport (3.2.14) lib/active_support/tagged_logging.rb:22:in `tagged'
  railties (3.2.14) lib/rails/rack/logger.rb:16:in `call'
  actionpack (3.2.14) lib/action_dispatch/middleware/request_id.rb:22:in `call'
  rack (1.4.5) lib/rack/methodoverride.rb:21:in `call'
  rack (1.4.5) lib/rack/runtime.rb:17:in `call'
  activesupport (3.2.14) lib/active_support/cache/strategy/local_cache.rb:72:in `call'
  rack (1.4.5) lib/rack/lock.rb:15:in `call'
  actionpack (3.2.14) lib/action_dispatch/middleware/static.rb:63:in `call'
  railties (3.2.14) lib/rails/engine.rb:484:in `call'
  railties (3.2.14) lib/rails/application.rb:231:in `call'
  rack (1.4.5) lib/rack/content_length.rb:14:in `call'
  railties (3.2.14) lib/rails/rack/log_tailer.rb:17:in `call'
  rack (1.4.5) lib/rack/handler/webrick.rb:59:in `service'
  /home/saasbook/.rvm/rubies/ruby-1.9.3-p448/lib/ruby/1.9.1/webrick/httpserver.rb:138:in `service'
  /home/saasbook/.rvm/rubies/ruby-1.9.3-p448/lib/ruby/1.9.1/webrick/httpserver.rb:94:in `run'
  /home/saasbook/.rvm/rubies/ruby-1.9.3-p448/lib/ruby/1.9.1/webrick/server.rb:191:in `block in start_thread'


  Rendered /home/saasbook/.rvm/gems/ruby-1.9.3-p448/gems/actionpack-3.2.14/lib/action_dispatch/middleware/templates/rescues/missing_template.erb within rescues/layout (1.1ms)


Started GET "/items" for 127.0.0.1 at 2013-12-10 13:56:53 -0800
Connecting to database specified by database.yml
Processing by ItemsController#index as HTML
  [1m[36mItem Load (0.8ms)[0m  [1mSELECT "items".* FROM "items" [0m
Compiled main.css  (0ms)  (pid 7107)
  [1m[35mItem Load (1.5ms)[0m  SELECT "items".* FROM "items" ORDER BY created_at DESC
  Rendered items/index.html.erb within layouts/application (64.6ms)
Compiled application.js  (44ms)  (pid 7107)
Completed 200 OK in 518ms (Views: 357.1ms | ActiveRecord: 21.9ms)


Started GET "/assets/application.css?body=1" for 127.0.0.1 at 2013-12-10 13:56:55 -0800
Served asset /application.css - 304 Not Modified (13ms)


Started GET "/assets/jquery.js?body=1" for 127.0.0.1 at 2013-12-10 13:56:55 -0800
Served asset /jquery.js - 304 Not Modified (29ms)


Started GET "/assets/welcome.js?body=1" for 127.0.0.1 at 2013-12-10 13:56:55 -0800
Served asset /welcome.js - 304 Not Modified (13ms)


Started GET "/assets/application.js?body=1" for 127.0.0.1 at 2013-12-10 13:56:55 -0800
Served asset /application.js - 200 OK (46ms)


Started GET "/assets/main.css?body=1" for 127.0.0.1 at 2013-12-10 13:56:56 -0800
Served asset /main.css - 200 OK (15ms)


Started GET "/assets/jquery_ujs.js?body=1" for 127.0.0.1 at 2013-12-10 13:56:56 -0800
Served asset /jquery_ujs.js - 304 Not Modified (17ms)


Started GET "/assets/facebook.js?body=1" for 127.0.0.1 at 2013-12-10 13:56:56 -0800
Served asset /facebook.js - 304 Not Modified (14ms)


Started GET "/assets/FontAwesome.otf" for 127.0.0.1 at 2013-12-10 13:56:56 -0800
Served asset /FontAwesome.otf - 304 Not Modified (15ms)


Started GET "/assets/facebook.png" for 127.0.0.1 at 2013-12-10 13:56:56 -0800
Served asset /facebook.png - 304 Not Modified (41ms)


Started GET "/items" for 127.0.0.1 at 2013-12-10 13:59:24 -0800
Processing by ItemsController#index as HTML
  [1m[36mItem Load (0.7ms)[0m  [1mSELECT "items".* FROM "items" [0m
Compiled main.css  (7ms)  (pid 7107)
  [1m[35mItem Load (0.6ms)[0m  SELECT "items".* FROM "items" ORDER BY created_at DESC
  Rendered items/index.html.erb within layouts/application (75.1ms)
Completed 200 OK in 102ms (Views: 96.8ms | ActiveRecord: 1.3ms)


Started GET "/assets/application.css?body=1" for 127.0.0.1 at 2013-12-10 13:59:24 -0800
Served asset /application.css - 304 Not Modified (0ms)


Started GET "/assets/jquery.js?body=1" for 127.0.0.1 at 2013-12-10 13:59:24 -0800
Served asset /jquery.js - 304 Not Modified (7ms)


Started GET "/assets/jquery_ujs.js?body=1" for 127.0.0.1 at 2013-12-10 13:59:24 -0800
Served asset /jquery_ujs.js - 304 Not Modified (0ms)


Started GET "/assets/facebook.js?body=1" for 127.0.0.1 at 2013-12-10 13:59:24 -0800
Served asset /facebook.js - 304 Not Modified (0ms)


Started GET "/assets/welcome.js?body=1" for 127.0.0.1 at 2013-12-10 13:59:24 -0800
Served asset /welcome.js - 304 Not Modified (0ms)


Started GET "/assets/application.js?body=1" for 127.0.0.1 at 2013-12-10 13:59:24 -0800
Served asset /application.js - 304 Not Modified (142ms)


Started GET "/assets/main.css?body=1" for 127.0.0.1 at 2013-12-10 13:59:24 -0800
Served asset /main.css - 200 OK (10ms)


Started GET "/assets/facebook.png" for 127.0.0.1 at 2013-12-10 13:59:24 -0800
Served asset /facebook.png - 304 Not Modified (0ms)


Started GET "/assets/FontAwesome.otf" for 127.0.0.1 at 2013-12-10 13:59:24 -0800
Served asset /FontAwesome.otf - 304 Not Modified (0ms)


Started GET "/" for 127.0.0.1 at 2013-12-10 14:00:39 -0800


Started GET "/welcome/index" for 127.0.0.1 at 2013-12-10 14:00:39 -0800
Processing by WelcomeController#index as HTML
Compiled StylesheetLanding.css  (0ms)  (pid 7107)
  Rendered welcome/index.html.erb within layouts/application (36.4ms)
Completed 200 OK in 52ms (Views: 50.8ms | ActiveRecord: 0.0ms)


Started GET "/assets/application.css?body=1" for 127.0.0.1 at 2013-12-10 14:00:39 -0800
Served asset /application.css - 200 OK (9ms)


Started GET "/assets/welcome.js?body=1" for 127.0.0.1 at 2013-12-10 14:00:39 -0800
Served asset /welcome.js - 200 OK (0ms)


Started GET "/assets/facebook.js?body=1" for 127.0.0.1 at 2013-12-10 14:00:40 -0800
Served asset /facebook.js - 200 OK (0ms)


Started GET "/assets/jquery.js?body=1" for 127.0.0.1 at 2013-12-10 14:00:40 -0800
Served asset /jquery.js - 200 OK (2ms)


Started GET "/assets/jquery_ujs.js?body=1" for 127.0.0.1 at 2013-12-10 14:00:40 -0800
Served asset /jquery_ujs.js - 200 OK (0ms)


Started GET "/assets/application.js?body=1" for 127.0.0.1 at 2013-12-10 14:00:40 -0800
Served asset /application.js - 200 OK (5ms)


Started GET "/assets/StylesheetLanding.css?body=1" for 127.0.0.1 at 2013-12-10 14:00:40 -0800
Served asset /StylesheetLanding.css - 200 OK (14ms)


Started GET "/assets/facebook.png" for 127.0.0.1 at 2013-12-10 14:00:40 -0800
Served asset /facebook.png - 200 OK (0ms)


Started GET "/assets/ChatBubble.png" for 127.0.0.1 at 2013-12-10 14:00:40 -0800
Served asset /ChatBubble.png - 200 OK (45ms)


Started GET "/assets/FontAwesome.otf" for 127.0.0.1 at 2013-12-10 14:00:40 -0800
Served asset /FontAwesome.otf - 200 OK (0ms)


Started GET "/items" for 127.0.0.1 at 2013-12-10 14:00:44 -0800
Processing by ItemsController#index as HTML
  [1m[36mItem Load (4.4ms)[0m  [1mSELECT "items".* FROM "items" [0m
  [1m[35mItem Load (6.0ms)[0m  SELECT "items".* FROM "items" ORDER BY created_at DESC
  Rendered items/index.html.erb within layouts/application (22.5ms)
Completed 200 OK in 51ms (Views: 38.0ms | ActiveRecord: 10.4ms)


Started GET "/assets/application.css?body=1" for 127.0.0.1 at 2013-12-10 14:00:44 -0800
Served asset /application.css - 304 Not Modified (0ms)


Started GET "/assets/jquery.js?body=1" for 127.0.0.1 at 2013-12-10 14:00:44 -0800
Served asset /jquery.js - 304 Not Modified (4ms)


Started GET "/assets/jquery_ujs.js?body=1" for 127.0.0.1 at 2013-12-10 14:00:44 -0800
Served asset /jquery_ujs.js - 304 Not Modified (0ms)


Started GET "/assets/facebook.js?body=1" for 127.0.0.1 at 2013-12-10 14:00:44 -0800
Served asset /facebook.js - 304 Not Modified (2ms)


Started GET "/assets/welcome.js?body=1" for 127.0.0.1 at 2013-12-10 14:00:44 -0800
Served asset /welcome.js - 304 Not Modified (0ms)


Started GET "/assets/application.js?body=1" for 127.0.0.1 at 2013-12-10 14:00:44 -0800
Served asset /application.js - 304 Not Modified (15ms)


Started GET "/assets/main.css?body=1" for 127.0.0.1 at 2013-12-10 14:00:44 -0800
Served asset /main.css - 200 OK (0ms)


Started DELETE "/items/11" for 127.0.0.1 at 2013-12-10 14:00:51 -0800
Processing by ItemsController#destroy as HTML
  Parameters: {"authenticity_token"=>"9HFIOEj3VNzu084GTvzSLN04BEnH4zlIxwq65t45JHA=", "id"=>"11"}
  [1m[36mItem Load (9.8ms)[0m  [1mSELECT "items".* FROM "items" WHERE "items"."id" = $1 LIMIT 1[0m  [["id", "11"]]
  [1m[35m (0.2ms)[0m  BEGIN
  [1m[36mSQL (17.6ms)[0m  [1mDELETE FROM "items" WHERE "items"."id" = $1[0m  [["id", 11]]
  [1m[35m (2.8ms)[0m  COMMIT
Redirected to http://localhost:3000/items
Completed 302 Found in 40ms (ActiveRecord: 30.7ms)


Started GET "/items" for 127.0.0.1 at 2013-12-10 14:00:51 -0800
Processing by ItemsController#index as HTML
  [1m[36mItem Load (3.1ms)[0m  [1mSELECT "items".* FROM "items" [0m
  [1m[35mItem Load (8.3ms)[0m  SELECT "items".* FROM "items" ORDER BY created_at DESC
  Rendered items/index.html.erb within layouts/application (21.3ms)
Completed 200 OK in 53ms (Views: 39.4ms | ActiveRecord: 11.4ms)


Started GET "/assets/application.css?body=1" for 127.0.0.1 at 2013-12-10 14:00:51 -0800
Served asset /application.css - 304 Not Modified (0ms)


Started GET "/assets/application.js?body=1" for 127.0.0.1 at 2013-12-10 14:00:51 -0800
Served asset /application.js - 304 Not Modified (3ms)


Started GET "/assets/welcome.js?body=1" for 127.0.0.1 at 2013-12-10 14:00:51 -0800
Served asset /welcome.js - 304 Not Modified (0ms)


Started GET "/assets/facebook.js?body=1" for 127.0.0.1 at 2013-12-10 14:00:51 -0800
Served asset /facebook.js - 304 Not Modified (0ms)


Started GET "/assets/jquery_ujs.js?body=1" for 127.0.0.1 at 2013-12-10 14:00:51 -0800
Served asset /jquery_ujs.js - 304 Not Modified (0ms)


Started GET "/assets/jquery.js?body=1" for 127.0.0.1 at 2013-12-10 14:00:51 -0800
Served asset /jquery.js - 304 Not Modified (5ms)


Started GET "/assets/main.css?body=1" for 127.0.0.1 at 2013-12-10 14:00:51 -0800
Served asset /main.css - 304 Not Modified (0ms)


Started GET "/items" for 127.0.0.1 at 2013-12-10 14:06:24 -0800
Connecting to database specified by database.yml
Processing by ItemsController#index as HTML
  [1m[36mItem Load (0.6ms)[0m  [1mSELECT "items".* FROM "items" [0m
  [1m[35mItem Load (1.2ms)[0m  SELECT "items".* FROM "items" ORDER BY created_at DESC
  Rendered items/index.html.erb within layouts/application (84.7ms)
Completed 200 OK in 283ms (Views: 152.4ms | ActiveRecord: 50.0ms)


Started GET "/assets/application.css?body=1" for 127.0.0.1 at 2013-12-10 14:06:25 -0800
Served asset /application.css - 304 Not Modified (8ms)


Started GET "/assets/application.js?body=1" for 127.0.0.1 at 2013-12-10 14:06:25 -0800
Served asset /application.js - 304 Not Modified (50ms)


Started GET "/assets/welcome.js?body=1" for 127.0.0.1 at 2013-12-10 14:06:25 -0800
Served asset /welcome.js - 304 Not Modified (19ms)


Started GET "/assets/facebook.js?body=1" for 127.0.0.1 at 2013-12-10 14:06:25 -0800
Served asset /facebook.js - 304 Not Modified (12ms)


Started GET "/assets/jquery.js?body=1" for 127.0.0.1 at 2013-12-10 14:06:25 -0800
Served asset /jquery.js - 304 Not Modified (130ms)


Started GET "/assets/jquery_ujs.js?body=1" for 127.0.0.1 at 2013-12-10 14:06:26 -0800
Served asset /jquery_ujs.js - 304 Not Modified (20ms)


Started GET "/assets/main.css?body=1" for 127.0.0.1 at 2013-12-10 14:06:26 -0800
Served asset /main.css - 304 Not Modified (13ms)


Started GET "/assets/FontAwesome.otf" for 127.0.0.1 at 2013-12-10 14:06:26 -0800
Served asset /FontAwesome.otf - 304 Not Modified (8ms)


Started GET "/assets/FontAwesome.otf" for 127.0.0.1 at 2013-12-10 14:06:26 -0800
Served asset /FontAwesome.otf - 304 Not Modified (0ms)


Started GET "/assets/facebook.png" for 127.0.0.1 at 2013-12-10 14:06:26 -0800
Served asset /facebook.png - 304 Not Modified (2ms)


Started GET "/auth/facebook/callback" for 127.0.0.1 at 2013-12-10 14:06:34 -0800
(facebook) Callback phase initiated.
Processing by SessionsController#create as HTML
  Parameters: {"provider"=>"facebook"}
  [1m[36mUser Load (1.8ms)[0m  [1mSELECT "users".* FROM "users" WHERE "users"."provider" = 'facebook' AND "users"."uid" = '539237793' LIMIT 1[0m
  [1m[35m (0.2ms)[0m  BEGIN
  [1m[36m (13.7ms)[0m  [1mUPDATE "users" SET "oauth_token" = 'CAADMAapQIcwBADuQTpZCIpeZAKiz0iqzj0zig757njcuRvgw1zH3H3BKZBwWxyzEk7p33e3kjgFRLUEnd2l7Drsm1EdT6rNPpWxxNjo9jcT0acKmylHUwdxLKX4bZAzgTFjPtfTAZAiM1rM5MhmxmI0twHzgqa7BqWmXi9fAwUyvHRTwn4YRBuKCeO4ZCCZCjCUDgmmIynT5wZDZD', "oauth_expires_at" = '2013-12-10 23:59:57.000000', "updated_at" = '2013-12-10 22:06:35.122207' WHERE "users"."id" = 1[0m
  [1m[35m (11.3ms)[0m  COMMIT
Redirected to http://localhost:3000/
Completed 302 Found in 192ms (ActiveRecord: 38.0ms)


Started GET "/" for 127.0.0.1 at 2013-12-10 14:06:35 -0800


Started GET "/welcome/index" for 127.0.0.1 at 2013-12-10 14:06:35 -0800
Processing by WelcomeController#index as HTML
  [1m[36mUser Load (4.9ms)[0m  [1mSELECT "users".* FROM "users" WHERE "users"."id" = $1 LIMIT 1[0m  [["id", 1]]
  Rendered welcome/index.html.erb within layouts/application (29.6ms)
Completed 200 OK in 61ms (Views: 52.8ms | ActiveRecord: 5.2ms)


Started GET "/assets/application.css?body=1" for 127.0.0.1 at 2013-12-10 14:06:35 -0800
Served asset /application.css - 304 Not Modified (0ms)


Started GET "/assets/facebook.js?body=1" for 127.0.0.1 at 2013-12-10 14:06:35 -0800
Served asset /facebook.js - 304 Not Modified (0ms)


Started GET "/assets/jquery_ujs.js?body=1" for 127.0.0.1 at 2013-12-10 14:06:35 -0800
Served asset /jquery_ujs.js - 304 Not Modified (0ms)


Started GET "/assets/jquery.js?body=1" for 127.0.0.1 at 2013-12-10 14:06:35 -0800
Served asset /jquery.js - 304 Not Modified (2ms)


Started GET "/assets/application.js?body=1" for 127.0.0.1 at 2013-12-10 14:06:35 -0800
Served asset /application.js - 304 Not Modified (20ms)


Started GET "/assets/welcome.js?body=1" for 127.0.0.1 at 2013-12-10 14:06:35 -0800
Served asset /welcome.js - 304 Not Modified (4ms)


Started GET "/assets/StylesheetLanding.css?body=1" for 127.0.0.1 at 2013-12-10 14:06:35 -0800
Served asset /StylesheetLanding.css - 304 Not Modified (14ms)


Started GET "/assets/ChatBubble.png" for 127.0.0.1 at 2013-12-10 14:06:36 -0800
Served asset /ChatBubble.png - 304 Not Modified (33ms)


Started GET "/assets/FontAwesome.otf" for 127.0.0.1 at 2013-12-10 14:06:36 -0800
Served asset /FontAwesome.otf - 304 Not Modified (0ms)


Started GET "/items" for 127.0.0.1 at 2013-12-10 14:06:42 -0800
Processing by ItemsController#index as HTML
  [1m[35mItem Load (0.9ms)[0m  SELECT "items".* FROM "items" 
  [1m[36mUser Load (2.4ms)[0m  [1mSELECT "users".* FROM "users" WHERE "users"."id" = $1 LIMIT 1[0m  [["id", 1]]
  [1m[35mItem Load (0.6ms)[0m  SELECT "items".* FROM "items" ORDER BY created_at DESC
  Rendered items/index.html.erb within layouts/application (18.2ms)
Completed 200 OK in 41ms (Views: 32.8ms | ActiveRecord: 3.8ms)


Started GET "/assets/application.css?body=1" for 127.0.0.1 at 2013-12-10 14:06:42 -0800
Served asset /application.css - 304 Not Modified (0ms)


Started GET "/assets/application.js?body=1" for 127.0.0.1 at 2013-12-10 14:06:42 -0800
Served asset /application.js - 304 Not Modified (14ms)


Started GET "/assets/welcome.js?body=1" for 127.0.0.1 at 2013-12-10 14:06:42 -0800
Served asset /welcome.js - 304 Not Modified (0ms)


Started GET "/assets/facebook.js?body=1" for 127.0.0.1 at 2013-12-10 14:06:42 -0800
Served asset /facebook.js - 304 Not Modified (0ms)


Started GET "/assets/jquery_ujs.js?body=1" for 127.0.0.1 at 2013-12-10 14:06:42 -0800
Served asset /jquery_ujs.js - 304 Not Modified (3ms)


Started GET "/assets/jquery.js?body=1" for 127.0.0.1 at 2013-12-10 14:06:42 -0800
Served asset /jquery.js - 304 Not Modified (18ms)


Started GET "/assets/main.css?body=1" for 127.0.0.1 at 2013-12-10 14:06:42 -0800
Served asset /main.css - 304 Not Modified (0ms)


Started GET "/assets/FontAwesome.otf" for 127.0.0.1 at 2013-12-10 14:06:43 -0800
Served asset /FontAwesome.otf - 304 Not Modified (0ms)


Started GET "/assets/FontAwesome.otf" for 127.0.0.1 at 2013-12-10 14:06:43 -0800
Served asset /FontAwesome.otf - 304 Not Modified (0ms)


Started POST "/items" for 127.0.0.1 at 2013-12-10 14:06:50 -0800
Processing by ItemsController#create as HTML
  Parameters: {"utf8"=>"✓", "authenticity_token"=>"9HFIOEj3VNzu084GTvzSLN04BEnH4zlIxwq65t45JHA=", "item"=>{"tag"=>"post1", "post"=>"psotst"}, "commit"=>"Post"}
  [1m[36m (0.2ms)[0m  [1mBEGIN[0m
  [1m[35mSQL (6.0ms)[0m  INSERT INTO "items" ("created_at", "post", "tag", "updated_at", "user", "views") VALUES ($1, $2, $3, $4, $5, $6) RETURNING "id"  [["created_at", Tue, 10 Dec 2013 22:06:50 UTC +00:00], ["post", "psotst"], ["tag", "post1"], ["updated_at", Tue, 10 Dec 2013 22:06:50 UTC +00:00], ["user", nil], ["views", nil]]
  [1m[36m (2.2ms)[0m  [1mCOMMIT[0m
Redirected to http://localhost:3000/items
Completed 302 Found in 39ms (ActiveRecord: 8.4ms)


Started GET "/items" for 127.0.0.1 at 2013-12-10 14:06:50 -0800
Processing by ItemsController#index as HTML
  [1m[35mItem Load (5.0ms)[0m  SELECT "items".* FROM "items" 
  [1m[36mUser Load (0.6ms)[0m  [1mSELECT "users".* FROM "users" WHERE "users"."id" = $1 LIMIT 1[0m  [["id", 1]]
  [1m[35mItem Load (0.6ms)[0m  SELECT "items".* FROM "items" ORDER BY created_at DESC
  Rendered items/index.html.erb within layouts/application (27.7ms)
Completed 200 OK in 82ms (Views: 63.1ms | ActiveRecord: 6.2ms)


Started GET "/assets/application.css?body=1" for 127.0.0.1 at 2013-12-10 14:06:50 -0800
Served asset /application.css - 304 Not Modified (0ms)


Started GET "/assets/application.js?body=1" for 127.0.0.1 at 2013-12-10 14:06:50 -0800
Served asset /application.js - 304 Not Modified (115ms)


Started GET "/assets/welcome.js?body=1" for 127.0.0.1 at 2013-12-10 14:06:51 -0800
Served asset /welcome.js - 304 Not Modified (0ms)


Started GET "/assets/facebook.js?body=1" for 127.0.0.1 at 2013-12-10 14:06:51 -0800
Served asset /facebook.js - 304 Not Modified (0ms)


Started GET "/assets/jquery_ujs.js?body=1" for 127.0.0.1 at 2013-12-10 14:06:51 -0800
Served asset /jquery_ujs.js - 304 Not Modified (0ms)


Started GET "/assets/jquery.js?body=1" for 127.0.0.1 at 2013-12-10 14:06:51 -0800
Served asset /jquery.js - 304 Not Modified (14ms)


Started GET "/assets/main.css?body=1" for 127.0.0.1 at 2013-12-10 14:06:51 -0800
Served asset /main.css - 304 Not Modified (0ms)


Started GET "/assets/FontAwesome.otf" for 127.0.0.1 at 2013-12-10 14:06:51 -0800
Served asset /FontAwesome.otf - 304 Not Modified (0ms)


Started GET "/items" for 127.0.0.1 at 2013-12-10 14:12:17 -0800
Processing by ItemsController#index as HTML
  [1m[36mItem Load (0.5ms)[0m  [1mSELECT "items".* FROM "items" [0m
Compiled main.css  (0ms)  (pid 7269)
  [1m[35mUser Load (0.6ms)[0m  SELECT "users".* FROM "users" WHERE "users"."id" = $1 LIMIT 1  [["id", 1]]
  [1m[36mItem Load (0.6ms)[0m  [1mSELECT "items".* FROM "items" ORDER BY created_at DESC[0m
  Rendered items/index.html.erb within layouts/application (50.5ms)
Completed 200 OK in 73ms (Views: 68.6ms | ActiveRecord: 1.7ms)


Started GET "/assets/application.css?body=1" for 127.0.0.1 at 2013-12-10 14:12:17 -0800
Served asset /application.css - 304 Not Modified (0ms)


Started GET "/assets/application.js?body=1" for 127.0.0.1 at 2013-12-10 14:12:17 -0800
Served asset /application.js - 304 Not Modified (13ms)


Started GET "/assets/welcome.js?body=1" for 127.0.0.1 at 2013-12-10 14:12:17 -0800
Served asset /welcome.js - 304 Not Modified (0ms)


Started GET "/assets/facebook.js?body=1" for 127.0.0.1 at 2013-12-10 14:12:17 -0800
Served asset /facebook.js - 304 Not Modified (0ms)


Started GET "/assets/jquery_ujs.js?body=1" for 127.0.0.1 at 2013-12-10 14:12:17 -0800
Served asset /jquery_ujs.js - 304 Not Modified (7ms)


Started GET "/assets/jquery.js?body=1" for 127.0.0.1 at 2013-12-10 14:12:17 -0800
Served asset /jquery.js - 304 Not Modified (10ms)


Started GET "/assets/main.css?body=1" for 127.0.0.1 at 2013-12-10 14:12:17 -0800
Served asset /main.css - 200 OK (16ms)


Started GET "/assets/FontAwesome.otf" for 127.0.0.1 at 2013-12-10 14:12:18 -0800
Served asset /FontAwesome.otf - 304 Not Modified (0ms)


Started DELETE "/items/12" for 127.0.0.1 at 2013-12-10 14:12:22 -0800
Processing by ItemsController#destroy as HTML
  Parameters: {"authenticity_token"=>"9HFIOEj3VNzu084GTvzSLN04BEnH4zlIxwq65t45JHA=", "id"=>"12"}
  [1m[35mItem Load (7.8ms)[0m  SELECT "items".* FROM "items" WHERE "items"."id" = $1 LIMIT 1  [["id", "12"]]
  [1m[36m (0.2ms)[0m  [1mBEGIN[0m
  [1m[35mSQL (3.0ms)[0m  DELETE FROM "items" WHERE "items"."id" = $1  [["id", 12]]
  [1m[36m (2.9ms)[0m  [1mCOMMIT[0m
Redirected to http://localhost:3000/items
Completed 302 Found in 27ms (ActiveRecord: 13.9ms)


Started GET "/items" for 127.0.0.1 at 2013-12-10 14:12:22 -0800
Processing by ItemsController#index as HTML
  [1m[35mItem Load (2.5ms)[0m  SELECT "items".* FROM "items" 
  [1m[36mUser Load (0.5ms)[0m  [1mSELECT "users".* FROM "users" WHERE "users"."id" = $1 LIMIT 1[0m  [["id", 1]]
  [1m[35mItem Load (6.0ms)[0m  SELECT "items".* FROM "items" ORDER BY created_at DESC
  Rendered items/index.html.erb within layouts/application (27.7ms)
Completed 200 OK in 61ms (Views: 49.9ms | ActiveRecord: 9.0ms)


Started GET "/assets/application.css?body=1" for 127.0.0.1 at 2013-12-10 14:12:22 -0800
Served asset /application.css - 304 Not Modified (0ms)


Started GET "/assets/welcome.js?body=1" for 127.0.0.1 at 2013-12-10 14:12:22 -0800
Served asset /welcome.js - 304 Not Modified (1ms)


Started GET "/assets/facebook.js?body=1" for 127.0.0.1 at 2013-12-10 14:12:22 -0800
Served asset /facebook.js - 304 Not Modified (0ms)


Started GET "/assets/jquery_ujs.js?body=1" for 127.0.0.1 at 2013-12-10 14:12:22 -0800
Served asset /jquery_ujs.js - 304 Not Modified (0ms)


Started GET "/assets/application.js?body=1" for 127.0.0.1 at 2013-12-10 14:12:22 -0800
Served asset /application.js - 304 Not Modified (33ms)


Started GET "/assets/jquery.js?body=1" for 127.0.0.1 at 2013-12-10 14:12:22 -0800
Served asset /jquery.js - 304 Not Modified (2ms)


Started GET "/assets/main.css?body=1" for 127.0.0.1 at 2013-12-10 14:12:22 -0800
Served asset /main.css - 304 Not Modified (0ms)


Started GET "/assets/FontAwesome.otf" for 127.0.0.1 at 2013-12-10 14:12:22 -0800
Served asset /FontAwesome.otf - 304 Not Modified (0ms)


Started GET "/assets/FontAwesome.otf" for 127.0.0.1 at 2013-12-10 14:12:23 -0800
Served asset /FontAwesome.otf - 304 Not Modified (0ms)


Started GET "/items" for 127.0.0.1 at 2013-12-10 14:17:07 -0800
Connecting to database specified by database.yml
Processing by ItemsController#index as HTML
  [1m[36mItem Load (1.0ms)[0m  [1mSELECT "items".* FROM "items" [0m
  [1m[35mUser Load (23.4ms)[0m  SELECT "users".* FROM "users" WHERE "users"."id" = $1 LIMIT 1  [["id", 1]]
  [1m[36mItem Load (3.4ms)[0m  [1mSELECT "items".* FROM "items" ORDER BY created_at DESC[0m
  Rendered items/index.html.erb within layouts/application (118.3ms)
Completed 200 OK in 603ms (Views: 236.3ms | ActiveRecord: 74.8ms)


Started GET "/assets/application.css?body=1" for 127.0.0.1 at 2013-12-10 14:17:09 -0800
Served asset /application.css - 304 Not Modified (28ms)


Started GET "/assets/jquery.js?body=1" for 127.0.0.1 at 2013-12-10 14:17:10 -0800
Served asset /jquery.js - 304 Not Modified (15ms)


Started GET "/assets/jquery_ujs.js?body=1" for 127.0.0.1 at 2013-12-10 14:17:10 -0800
Served asset /jquery_ujs.js - 304 Not Modified (19ms)


Started GET "/assets/application.js?body=1" for 127.0.0.1 at 2013-12-10 14:17:10 -0800
Served asset /application.js - 304 Not Modified (51ms)


Started GET "/assets/welcome.js?body=1" for 127.0.0.1 at 2013-12-10 14:17:10 -0800
Served asset /welcome.js - 304 Not Modified (15ms)


Started GET "/assets/facebook.js?body=1" for 127.0.0.1 at 2013-12-10 14:17:10 -0800
Served asset /facebook.js - 304 Not Modified (21ms)


Started GET "/assets/main.css?body=1" for 127.0.0.1 at 2013-12-10 14:17:10 -0800
Served asset /main.css - 304 Not Modified (18ms)


Started GET "/assets/FontAwesome.otf" for 127.0.0.1 at 2013-12-10 14:17:10 -0800
Served asset /FontAwesome.otf - 304 Not Modified (7ms)


Started GET "/assets/FontAwesome.otf" for 127.0.0.1 at 2013-12-10 14:17:10 -0800
Served asset /FontAwesome.otf - 304 Not Modified (0ms)


Started POST "/items" for 127.0.0.1 at 2013-12-10 14:17:17 -0800
Processing by ItemsController#create as HTML
  Parameters: {"utf8"=>"✓", "authenticity_token"=>"9HFIOEj3VNzu084GTvzSLN04BEnH4zlIxwq65t45JHA=", "item"=>{"tag"=>"sdsd", "post"=>"sedfse"}, "commit"=>"Post"}
  [1m[35m (0.4ms)[0m  BEGIN
  [1m[36mSQL (15.3ms)[0m  [1mINSERT INTO "items" ("created_at", "post", "tag", "updated_at", "user", "views") VALUES ($1, $2, $3, $4, $5, $6) RETURNING "id"[0m  [["created_at", Tue, 10 Dec 2013 22:17:17 UTC +00:00], ["post", "sedfse"], ["tag", "sdsd"], ["updated_at", Tue, 10 Dec 2013 22:17:17 UTC +00:00], ["user", nil], ["views", nil]]
  [1m[35m (3.1ms)[0m  COMMIT
Redirected to http://localhost:3000/items
Completed 302 Found in 47ms (ActiveRecord: 18.8ms)


Started GET "/items" for 127.0.0.1 at 2013-12-10 14:17:17 -0800
Processing by ItemsController#index as HTML
  [1m[36mItem Load (5.3ms)[0m  [1mSELECT "items".* FROM "items" [0m
  [1m[35mUser Load (1.2ms)[0m  SELECT "users".* FROM "users" WHERE "users"."id" = $1 LIMIT 1  [["id", 1]]
  [1m[36mItem Load (0.6ms)[0m  [1mSELECT "items".* FROM "items" ORDER BY created_at DESC[0m
  Rendered items/index.html.erb within layouts/application (97.6ms)
Completed 200 OK in 125ms (Views: 115.1ms | ActiveRecord: 7.1ms)


Started GET "/assets/application.css?body=1" for 127.0.0.1 at 2013-12-10 14:17:17 -0800
Served asset /application.css - 304 Not Modified (0ms)


Started GET "/assets/application.js?body=1" for 127.0.0.1 at 2013-12-10 14:17:17 -0800
Served asset /application.js - 304 Not Modified (2ms)


Started GET "/assets/welcome.js?body=1" for 127.0.0.1 at 2013-12-10 14:17:17 -0800
Served asset /welcome.js - 304 Not Modified (0ms)


Started GET "/assets/facebook.js?body=1" for 127.0.0.1 at 2013-12-10 14:17:17 -0800
Served asset /facebook.js - 304 Not Modified (5ms)


Started GET "/assets/jquery_ujs.js?body=1" for 127.0.0.1 at 2013-12-10 14:17:17 -0800
Served asset /jquery_ujs.js - 304 Not Modified (0ms)


Started GET "/assets/jquery.js?body=1" for 127.0.0.1 at 2013-12-10 14:17:18 -0800
Served asset /jquery.js - 304 Not Modified (2ms)


Started GET "/assets/main.css?body=1" for 127.0.0.1 at 2013-12-10 14:17:18 -0800
Served asset /main.css - 304 Not Modified (0ms)


Started GET "/assets/FontAwesome.otf" for 127.0.0.1 at 2013-12-10 14:17:18 -0800
Served asset /FontAwesome.otf - 304 Not Modified (0ms)


Started GET "/assets/FontAwesome.otf" for 127.0.0.1 at 2013-12-10 14:17:18 -0800
Served asset /FontAwesome.otf - 304 Not Modified (3ms)


Started DELETE "/items/13" for 127.0.0.1 at 2013-12-10 14:17:22 -0800
Processing by ItemsController#destroy as HTML
  Parameters: {"authenticity_token"=>"9HFIOEj3VNzu084GTvzSLN04BEnH4zlIxwq65t45JHA=", "id"=>"13"}
  [1m[35mItem Load (8.9ms)[0m  SELECT "items".* FROM "items" WHERE "items"."id" = $1 LIMIT 1  [["id", "13"]]
  [1m[36m (0.2ms)[0m  [1mBEGIN[0m
  [1m[35mSQL (0.8ms)[0m  DELETE FROM "items" WHERE "items"."id" = $1  [["id", 13]]
  [1m[36m (7.1ms)[0m  [1mCOMMIT[0m
Redirected to http://localhost:3000/items
Completed 302 Found in 28ms (ActiveRecord: 17.0ms)


Started GET "/items" for 127.0.0.1 at 2013-12-10 14:17:22 -0800
Processing by ItemsController#index as HTML
  [1m[35mItem Load (1.5ms)[0m  SELECT "items".* FROM "items" 
  [1m[36mUser Load (9.1ms)[0m  [1mSELECT "users".* FROM "users" WHERE "users"."id" = $1 LIMIT 1[0m  [["id", 1]]
  [1m[35mItem Load (2.7ms)[0m  SELECT "items".* FROM "items" ORDER BY created_at DESC
  Rendered items/index.html.erb within layouts/application (38.8ms)
Completed 200 OK in 74ms (Views: 57.9ms | ActiveRecord: 13.3ms)


Started GET "/assets/application.css?body=1" for 127.0.0.1 at 2013-12-10 14:17:22 -0800
Served asset /application.css - 304 Not Modified (6ms)


Started GET "/assets/application.js?body=1" for 127.0.0.1 at 2013-12-10 14:17:22 -0800
Served asset /application.js - 304 Not Modified (3ms)


Started GET "/assets/welcome.js?body=1" for 127.0.0.1 at 2013-12-10 14:17:22 -0800
Served asset /welcome.js - 304 Not Modified (0ms)


Started GET "/assets/facebook.js?body=1" for 127.0.0.1 at 2013-12-10 14:17:22 -0800
Served asset /facebook.js - 304 Not Modified (0ms)


Started GET "/assets/jquery_ujs.js?body=1" for 127.0.0.1 at 2013-12-10 14:17:22 -0800
Served asset /jquery_ujs.js - 304 Not Modified (0ms)


Started GET "/assets/jquery.js?body=1" for 127.0.0.1 at 2013-12-10 14:17:22 -0800
Served asset /jquery.js - 304 Not Modified (7ms)


Started GET "/assets/main.css?body=1" for 127.0.0.1 at 2013-12-10 14:17:22 -0800
Served asset /main.css - 304 Not Modified (0ms)


Started GET "/assets/FontAwesome.otf" for 127.0.0.1 at 2013-12-10 14:17:23 -0800
Served asset /FontAwesome.otf - 304 Not Modified (0ms)
